<?xml version="1.0" encoding="UTF-8"?>
<testsuite name="ScrabbleScorerTest" tests="9" skipped="0" failures="0" errors="0" timestamp="2017-06-28T18:00:28" hostname="epicodus-96.local" time="0.003">
  <properties/>
  <testcase name="calculateScore_returnsScoreForBadLetters_5" classname="ScrabbleScorerTest" time="0.001"/>
  <testcase name="calculateScore_returnsScoreForDogLetters_4" classname="ScrabbleScorerTest" time="0.0"/>
  <testcase name="calculateScore_returnsScoreForSingleLetter_1" classname="ScrabbleScorerTest" time="0.0"/>
  <testcase name="calculateScore_returnsScoreForFollowLetters_6" classname="ScrabbleScorerTest" time="0.0"/>
  <testcase name="calculateScore_returnsScoreForTenLetters_3" classname="ScrabbleScorerTest" time="0.0"/>
  <testcase name="calculateScore_returnsScoreForJoyLetters_8" classname="ScrabbleScorerTest" time="0.0"/>
  <testcase name="calculateScore_returnsScoreForQuitLetters_9" classname="ScrabbleScorerTest" time="0.0"/>
  <testcase name="calculateScore_returnsScoreForKeyLetters_7" classname="ScrabbleScorerTest" time="0.0"/>
  <testcase name="calculateScore_returnsScoreForTwoLetters_2" classname="ScrabbleScorerTest" time="0.001"/>
  <system-out><![CDATA[]]></system-out>
  <system-err><![CDATA[]]></system-err>
</testsuite>
